         w __deregister_frame_info
         w __register_frame_info
         w __syscall_lock_close_recursive
         w userAppExit
         w userAppInit
00000000 00000401 B __ctru_dev_path_buf
00000000 a shift
00000000 a shift
00000000 b _TLS_MODULE_BASE_
00000404 00000802 B __ctru_dev_utf16_buf
00100000 A __start__
00100000 T _start
00100008 T __service_ptr
0010000c T __apt_appid
00100010 T __heap_size
00100014 T __linear_heap_size
00100018 T __system_arglist
0010001c T __system_runflags
00100020 t startup
00100058 t ClearMem
0010006c t ClrLoop
00100094 T _init
001000ac T __aeabi_uidiv
001000ac 000001ec T __udivsi3
001000ac t .udivsi3_skip_div0_test
00100298 00000020 T __aeabi_uidivmod
001002b8 T __aeabi_idiv
001002b8 00000220 T __divsi3
001002c0 t .divsi3_skip_div0_test
001004d8 00000020 T __aeabi_idivmod
001004f8 00000004 W __aeabi_idiv0
001004f8 00000004 W __aeabi_ldiv0
001004fc T __aeabi_drsub
00100504 000002b0 T __aeabi_dsub
00100504 000002b0 T __subdf3
00100508 000002ac T __adddf3
00100508 000002ac T __aeabi_dadd
001007b4 00000024 T __aeabi_ui2d
001007b4 00000024 T __floatunsidf
001007d8 00000028 T __aeabi_i2d
001007d8 00000028 T __floatsidf
00100800 00000048 T __aeabi_f2d
00100800 00000048 T __extendsfdf2
00100848 00000074 T __aeabi_ul2d
00100848 00000074 T __floatundidf
0010085c 00000060 T __aeabi_l2d
0010085c 00000060 T __floatdidf
001008bc 0000019c T __aeabi_frsub
001008c4 00000194 T __aeabi_fsub
001008c4 00000194 T __subsf3
001008c8 00000190 T __addsf3
001008c8 00000190 T __aeabi_fadd
00100a58 00000028 T __aeabi_ui2f
00100a58 00000028 T __floatunsisf
00100a60 00000020 T __aeabi_i2f
00100a60 00000020 T __floatsisf
00100a80 0000008c T __aeabi_ul2f
00100a80 0000008c T __floatundisf
00100a90 0000007c T __aeabi_l2f
00100a90 0000007c T __floatdisf
00100b0c T __aeabi_ldivmod
00100be0 T __aeabi_uldivmod
00100c28 00000390 T strcmp
00100fb0 t __do_global_dtors_aux
00100ff0 t frame_dummy
0010101c 00000068 T releaseWorld
00101088 00000814 T main
0010189c 00000118 T Collision_BoxIntersect
001019b4 00000338 T CommandLine_Execute
00101cec 00000064 T CommandLine_Activate
00101d50 00000098 T Crash
00101de8 000002f0 T Raycast_Cast
001020d8 0000001c T audioCallback
001020f4 00000118 T opusStrError
0010220c 00000034 T DoQuit
00102240 00000120 T audioInit
00102360 00000028 T audioExit
00102388 00000098 T fillBuffer
00102420 00000078 T audioThread0
00102498 00000080 T audioThread1
00102518 000001e4 T playopus
001026fc 00000008 T DefaultGen_Init
00102704 00000264 T DefaultGen_Generate
00102968 00000004 T FlatBedrockGen_Init
0010296c 000000a4 T FlatBedrockGen_Generate
00102a10 00000008 T SmeaGen_Init
00102a18 00000228 T SmeaGen_Generate
00102c40 00000004 T SuperFlatGen_Init
00102c44 000000fc T SuperFlatGen_Generate
00102d40 000000f4 T TreeGen_GenTree
00102e34 000005f0 T Block_Init
00103424 0000000c T Block_Deinit
00103430 0000000c T Block_GetTextureMap
0010343c 0000042c T Block_GetTexture
00103868 000000c8 T Block_GetColor
00103930 0000002c T Block_Opaque
0010395c 0000000c T Item_Deinit
00103968 00000068 T Camera_Init
001039d0 00000624 T Camera_Update
00103ff4 000002ac T Camera_IsAABBVisible
001042a0 0000013c T Clouds_Init
001043dc 00000020 T Clouds_Deinit
00104400 00000220 T Clouds_Render
00104620 00000054 T Cursor_Init
00104674 00000010 T Cursor_Deinit
00104684 0000024c T Cursor_Draw
001048d0 0000002c T Hand_Init
001048fc 00000020 T Hand_Deinit
00104920 00000544 T Hand_Draw
00104e64 000003a8 t floodFill.part.0
0010520c 0000003c T PolyGen_Init
00105248 00000044 T PolyGen_Deinit
0010528c 00000194 T PolyGen_Harvest
00105420 00000c84 T PolyGen_GeneratePolygons
001060a4 0000021c T Renderer_Init
001062c0 00000054 T Renderer_Deinit
00106314 000003b8 T Renderer_Render
001066cc 000000ac T tileImage32
00106778 000001e0 T Texture_Load
00106958 000000a8 T Texture_TileImage8
00106a00 00000110 T downscaleImage
00106b10 000002c8 T Texture_MapInit
00106dd8 00000080 T Texture_MapGetIcon
00106e58 00000010 t sort_by_size
00106e68 00000020 T VBOCache_Init
00106e88 00000058 T VBOCache_Deinit
00106ee0 000000d8 T VBO_Alloc
00106fb8 00000098 T VBO_Free
00107050 00000840 t renderWorld
00107890 00000108 T WorldRenderer_Init
00107998 00000050 T WorldRenderer_Deinit
001079e8 00000120 T WorldRenderer_Render
00107b08 00000050 T DebugUI_Init
00107b58 00000040 T DebugUI_Deinit
00107b98 00000050 T DebugUI_Text
00107be8 00000050 T DebugUI_Log
00107c38 00000100 T DebugUI_Draw
00107d38 000001c8 T FontLoader_Init
00107f00 00000050 T Gui_Init
00107f50 00000004 T Gui_Deinit
00107f54 00000020 T Gui_Frame
00107f74 00000010 T Gui_Offset
00107f84 0000002c T Gui_RelativeWidth
00107fb0 0000002c T Gui_RelativeHeight
00107fdc 00000058 T Gui_BeginRowCenter
00108034 00000034 T Gui_BeginRow
00108068 00000024 T Gui_EndRow
0010808c 00000114 T Gui_Label
001081a0 00000034 T Gui_Space
001081d4 00000018 T Gui_VerticalSpace
001081ec 0000004c T Gui_InputData
00108238 000000a0 T Gui_IsCursorInside
001082d8 000000a0 T Gui_WasCursorInside
00108378 000001dc T Gui_Button
00108554 00000070 T Gui_EnteredCursorInside
001085c4 000000ac T Gui_GetCursorMovement
00108670 000000e0 t clickAtStack
00108750 0000020c T Inventory_DrawQuickSelect
0010895c 00000268 T Inventory_Draw
00108bc4 00000038 t compareDrawCommands
00108bfc 00000124 T SpriteBatch_Init
00108d20 00000064 T SpriteBatch_Deinit
00108d84 00000010 T SpriteBatch_BindTexture
00108d94 00000078 T SpriteBatch_BindGuiTexture
00108e0c 000000d8 T SpriteBatch_PushSingleColorQuad
00108ee4 000000f0 T SpriteBatch_PushQuad
00108fd4 000000f0 T SpriteBatch_PushQuadColor
001090c4 0000036c T SpriteBatch_PushIcon
00109430 00000200 T SpriteBatch_PushTextVargs
00109630 00000040 T SpriteBatch_PushText
00109670 00000098 T SpriteBatch_CalcTextWidthVargs
00109708 00000024 T SpriteBatch_GetWidth
0010972c 00000024 T SpriteBatch_GetHeight
00109750 00000010 T SpriteBatch_SetScale
00109760 00000010 T SpriteBatch_GetScale
00109770 00000010 T SpriteBatch_StartFrame
00109780 000003c4 T SpriteBatch_Render
00109b44 000000f4 t delete_folder
00109c38 0000013c T WorldSelect_ScanWorlds
00109d74 0000001c T WorldSelect_Init
00109d90 00000028 T WorldSelect_Deinit
00109db8 00000570 T WorldSelect_Render
0010a328 000002c0 T WorldSelect_Update
0010a5e8 0000015c T Chunk_GenerateHeightmap
0010a744 0000005c T Cluster_IsEmpty
0010a7a0 00000248 T ChunkWorker_Mainloop
0010a9e8 000000f0 T ChunkWorker_Init
0010aad8 0000007c T ChunkWorker_Deinit
0010ab54 00000044 T ChunkWorker_Finish
0010ab98 00000074 T ChunkWorker_AddHandler
0010ac0c 00000048 T ChunkWorker_SetHandlerActive
0010ac54 000000ac T World_Reset
0010ad00 00000078 T World_Init
0010ad78 00000244 T World_LoadChunk
0010afbc 00000108 T World_UnloadChunk
0010b0c4 00000078 T World_GetChunk
0010b13c 000000e4 T World_GetBlock
0010b220 00000230 T World_SetBlock
0010b450 0000023c T World_SetBlockAndMeta
0010b68c 000000f0 T World_GetMetadata
0010b77c 000000d0 T World_GetHeight
0010b84c 000001b4 T World_UpdateChunkCache
0010ba00 000002b4 T World_Tick
0010bcb4 000000b8 t fetchSuperChunk
0010bd6c 0000002c T SaveManager_InitFileSystem
0010bd98 0000001c T SaveManager_Init
0010bdb4 00000028 T SaveManager_Deinit
0010bddc 00000844 T SaveManager_Load
0010c620 00000224 T SaveManager_Unload
0010c844 00000064 T SaveManager_LoadChunk
0010c8a8 00000064 T SaveManager_SaveChunk
0010c90c 00000044 T SuperChunk_InitPools
0010c950 00000028 T SuperChunk_DeinitPools
0010c978 000005c0 T SuperChunk_Init
0010cf38 0000018c T SuperChunk_SaveIndex
0010d0c4 00000030 T SuperChunk_Deinit
0010d0f4 0000042c T SuperChunk_SaveChunk
0010d520 000004d4 T SuperChunk_LoadChunk
0010d9f4 0000004c T OvertimeDamage
0010da40 00000240 T Player_Init
0010dc80 000000d4 T Player_Respawn
0010dd58 0000028c T Player_Update
0010dfe4 00000054 T Player_Jump
0010e038 00000760 T Player_Move
0010e798 000001dc T Player_PlaceBlock
0010e974 0000006c T Player_BreakBlock
0010e9e0 00000944 T PlayerController_Init
0010f328 0000091c T PlayerController_Update
0010fc44 000001bc t mpack_utf8_check_impl
0010fe00 0000001c t mpack_file_tree_teardown
0010fe1c 00000014 t mpack_tree_flag_error.part.0
0010fe30 00000050 t mpack_file_writer_flush
0010fe80 00000064 t mpack_file_writer_teardown
0010fee4 000000a4 t mpack_writer_ensure
0010ff88 000000b0 t mpack_write_native_straddle
00110038 00000054 t mpack_tree_parse_bytes
0011008c 0000010c t mpack_node_map_str_impl
00110198 00000248 t mpack_tree_parse_children
001103e0 00000b48 t mpack_tree_parse.part.0.constprop.0
00110f28 00000028 T mpack_writer_init
00110f50 000000c8 T mpack_writer_init_file
00111018 00000060 T mpack_writer_destroy
00111078 00000048 T mpack_write_bool
001110c0 00000098 T mpack_write_u8
00111158 00000154 T mpack_write_u32
001112ac 000001e0 T mpack_write_u64
0011148c 000002f0 T mpack_write_i64
0011177c 00000074 T mpack_write_float
001117f0 00000114 T mpack_start_array
00111904 00000110 T mpack_start_map
00111a14 00000160 T mpack_start_str
00111b74 00000118 T mpack_start_bin
00111c8c 00000064 T mpack_write_bin
00111cf0 00000070 T mpack_write_cstr
00111d60 0000001c T mpack_tree_root
00111d7c 00000084 T mpack_tree_init
00111e00 00000070 T mpack_tree_init_pool
00111e70 0000028c T mpack_tree_init_file
001120fc 0000004c T mpack_tree_destroy
00112148 00000040 T mpack_node_flag_error
00112188 000000f8 T mpack_node_copy_utf8_cstr
00112280 00000094 T mpack_node_map_cstr
00112314 00000054 T mpack_node_map_cstr_optional
00112368 00000060 T vec_expand_
001123c8 00000070 T vec_reserve_po2_
00112438 00000034 T vec_splice_
0011246c 00000080 T sino_init
001124ec 0000002c T sino_exit
00112518 000002b4 T sino_2d
001127cc 00000060 t huffmanDecodeSymbol
0011282c 00000090 t checkColorValidity
001128bc 0000004c t addColorBits
00112908 00000060 t color_tree_get
00112968 000001b0 t getPixelColorRGBA16
00112b18 000001bc t Adam7_getpassvalues
00112cd4 000000a0 t color_tree_add
00112d74 00000060 t LodePNGText_cleanup
00112dd4 00000090 t LodePNGIText_cleanup
00112e64 000000c8 t lodepng_color_mode_equal
00112f2c 000003e4 t unfilter
00113310 000000c4 t removePaddingBits
001133d4 00000068 t string_set
0011343c 00000058 t ucvector_push_back.isra.0
00113494 000001cc t color_tree_cleanup
00113660 00000530 t getPixelColorsRGBA8
00113b90 00000360 t HuffmanTree_makeFromLengths2
00113ef0 00000074 t generateFixedDistanceTree.constprop.0.isra.0
00113f64 000000bc t generateFixedLitLenTree.constprop.0.isra.0
00114020 00000388 t getPixelColorRGBA8
001143a8 00000b24 t lodepng_inflatev.constprop.0
00114ecc 000000ec T lodepng_load_file
00114fb8 000001ac T lodepng_zlib_decompress
00115164 00000070 T lodepng_chunk_check_crc
001151d4 00000098 T lodepng_chunk_append
0011526c 000000b0 T lodepng_color_mode_copy
0011531c 000000ec T lodepng_add_text
00115408 000001c4 T lodepng_add_itext
001155cc 00000088 T lodepng_info_init
00115654 000005a8 T lodepng_convert
00115bfc 00000224 T lodepng_inspect
00115e20 0000197c T lodepng_decode
0011779c 000000b8 T lodepng_state_init
00117854 000000ac T lodepng_decode_memory
00117900 00000080 T lodepng_decode32_file
00117980 00000008 T miniz_def_free_func
00117988 00000008 T miniz_def_alloc_func
00117990 000006cc t tdefl_optimize_huffman_table
0011805c 000000ac t tdefl_flush_output_buffer
00118108 0000092c t tdefl_start_dynamic_block
00118a34 00000590 t tdefl_compress_block
00118fc4 000007fc t tdefl_flush_block
001197c0 00000160 T mz_adler32
00119920 00000da0 T tdefl_compress
0011a6c0 00000188 T mz_deflate
0011a848 0000014c T tdefl_init
0011a994 00000168 T mz_compress2
0011aafc 0000001c T mz_compress
0011ab18 00001c40 T tinfl_decompress
0011c758 000003a8 T mz_inflate
0011cb00 00000124 T mz_uncompress
0011cc24 00000054 t strcmpci
0011cc78 00000428 T ini_load
0011d0a0 0000001c T ini_free
0011d0bc 00000130 T ini_get
0011d1ec 00000048 T ini_sget
0011d234 00000004 W C3Di_LightEnvUpdate
0011d238 00000004 W C3Di_LightEnvDirty
0011d23c 00000004 W C3Di_ProcTexUpdate
0011d240 00000004 W C3Di_ProcTexDirty
0011d244 000000b4 t C3Di_AptEventHook
0011d2f8 00000004 W C3Di_GasUpdate
0011d2fc 000001e0 T C3D_Init
0011d4dc 00000098 T C3D_SetViewport
0011d574 000004e8 T C3Di_UpdateContext
0011da5c 000000e0 T C3Di_SplitFrame
0011db3c 00000044 T C3D_Fini
0011db80 00000114 T C3D_BindProgram
0011dc94 0000004c t onVBlank0
0011dce0 0000004c t onVBlank1
0011dd2c 00000080 t C3Di_RenderTargetDestroy
0011ddac 000000f4 t onQueueFinish
0011dea0 00000038 T C3Di_RenderQueueEnableVBlank
0011ded8 00000030 T C3Di_RenderQueueDisableVBlank
0011df08 00000060 T C3Di_RenderQueueInit
0011df68 000000b0 T C3Di_RenderQueueExit
0011e018 00000034 T C3Di_RenderQueueWaitDone
0011e04c 000000e4 T C3D_FrameBegin
0011e130 00000048 T C3D_FrameDrawOn
0011e178 000001d8 T C3D_FrameEnd
0011e350 00000184 T C3D_RenderTargetCreate
0011e4d4 000000a8 T C3D_RenderTargetSetOutput
0011e57c 000000f0 T C3D_SyncDisplayTransfer
0011e66c 000000fc T C3D_SyncTextureCopy
0011e768 00000294 T C3D_TexInitWithParams
0011e9fc 000000c8 T C3D_TexLoadImage
0011eac4 00000044 T C3D_TexBind
0011eb08 00000074 T C3D_TexDelete
0011eb7c 0000016c T C3Di_SetTex
0011ece8 0000001c T C3D_CalcColorBufSize
0011ed04 0000001c T C3D_CalcDepthBufSize
0011ed20 00000044 T C3D_SetFrameBuf
0011ed64 0000016c T C3Di_FrameBufBind
0011eed0 000000c8 T C3D_FrameBufClear
0011ef98 00000044 T C3D_FrameBufTransfer
0011efdc 000000b8 T FogLut_FromArray
0011f094 0000004c T C3D_FogGasMode
0011f0e0 00000020 T C3D_FogColor
0011f100 00000030 T C3D_FogLutBind
0011f130 00000034 T C3D_GetTexEnv
0011f164 00000024 T C3Di_TexEnvBind
0011f188 00000024 T BufInfo_Init
0011f1ac 00000080 T BufInfo_Add
0011f22c 00000020 T C3D_GetBufInfo
0011f24c 00000040 T C3D_SetBufInfo
0011f28c 00000048 T C3Di_BufInfoBind
0011f2d4 00000148 T C3D_DrawArrays
0011f41c 00000040 T C3D_DepthMap
0011f45c 0000001c T C3D_CullFace
0011f478 00000040 T C3D_StencilTest
0011f4b8 00000024 T C3D_StencilOp
0011f4dc 0000001c T C3D_BlendingColor
0011f4f8 00000024 T C3D_EarlyDepthTest
0011f51c 0000002c T C3D_DepthTest
0011f548 0000002c T C3D_AlphaTest
0011f574 00000050 T C3D_AlphaBlend
0011f5c4 00000030 T C3D_FragOpMode
0011f5f4 00000044 T C3D_FragOpShadow
0011f638 000001ac T C3Di_EffectBind
0011f7e4 00000028 T AttrInfo_Init
0011f80c 00000094 T AttrInfo_AddLoader
0011f8a0 00000054 T C3D_SetAttrInfo
0011f8f4 00000080 T C3Di_AttrInfoBind
0011f974 000000a8 T C3D_ImmSendAttrib
0011fa1c 00000280 T C3D_UpdateUniforms
0011fc9c 000000c0 T C3Di_DirtyUniforms
0011fd5c 000000d8 T C3Di_LoadShaderUniforms
0011fe34 00000028 T C3Di_ClearShaderUniforms
0011fe5c 00000038 T Mtx_Scale
0011fe94 000000b8 T Mtx_Multiply
0011ff4c 000000a4 T Mtx_RotateX
0011fff0 00000094 T Mtx_PerspTilt
00120084 000000b8 T Mtx_PerspStereoTilt
0012013c 000000cc T Mtx_OrthoTilt
00120208 00000068 T Mtx_MultiplyFVec3
00120270 000000a0 T Mtx_Translate
00120310 000000a0 T Mtx_RotateZ
001203b0 000000a0 T Mtx_RotateY
00120450 00000024 t addrMapNodeComparator(rbtree_node const*, rbtree_node const*)
00120474 00000004 t addrMapNodeDestructor(rbtree_node*)
00120478 00000258 T vramMemAlignAt
001206d0 0000000c T vramAlloc
001206dc 0000000c T vramAllocAt
001206e8 00000090 T vramFree
00120778 00000024 t addrMapNodeComparator(rbtree_node const*, rbtree_node const*)
0012079c 00000004 t addrMapNodeDestructor(rbtree_node*)
001207a0 00000130 T linearMemAlign
001208d0 00000008 T linearAlloc
001208d8 0000005c T linearFree
00120934 00000080 T MemPool::CoalesceRight(MemBlock*)
001209b4 00000174 T MemPool::Allocate(MemChunk&, unsigned long, int)
00120b28 000000fc T MemPool::Deallocate(MemChunk const&)
00120c24 00000030 T MemPool::GetFreeSpace()
00120c54 00000008 t romfs_close
00120c5c 000000c4 t romfs_seek
00120d20 00000024 t romfs_dirreset
00120d44 000000c8 t fill_dir
00120e0c 000002b0 t romfs_dirnext
001210bc 00000084 t romfs_free
00121140 000000d4 t searchForFile.constprop.0
00121214 000000d8 t searchForDir.constprop.0
001212ec 000001c0 t navigateToDir.constprop.0
001214ac 00000128 t romfs_open
001215d4 0000004c t romfs_chdir
00121620 00000070 t romfs_diropen
00121690 0000017c t romfs_stat
0012180c 00000008 t romfs_dirclose
00121814 0000007c t romfs_fstat
00121890 000000d0 t romfs_read
00121960 00000290 T romfsMountFromFile
00121bf0 00000098 T romfsMountFromCurrentProcess
00121c88 00000260 T romfsMountSelf
00121ee8 000000ac T romfsUnmount
00121f94 0000000c T __sync_init
00121fa0 00000018 T __sync_fini
00121fb8 0000002c T syncArbitrateAddress
00121fe4 0000001c T LightLock_Init
00122000 00000094 T LightLock_Lock
00122094 00000044 T LightLock_TryLock
001220d8 00000040 T LightLock_Unlock
00122118 00000024 T RecursiveLock_Init
0012213c 00000030 T RecursiveLock_Lock
0012216c 00000054 T RecursiveLock_Unlock
001221c0 00000040 T LightEvent_Init
00122200 000000a4 T LightEvent_Clear
001222a4 000000c8 T LightEvent_Signal
0012236c 00000058 T LightEvent_TryWait
001223c4 000000b0 T LightEvent_Wait
00122474 00000074 T osConvertVirtToPhys
001224e8 00000054 T osGetTimeRef
0012253c 000000ec T osGetTime
00122628 00000034 T __ctru_speedup_config
0012265c 00000038 T osSetSpeedupEnable
00122694 00000204 t parseColor
00122898 000001ac T consoleDrawChar
00122a44 00000124 T consolePrintChar
00122b68 00000b00 T con_write
00123668 000000f4 t newRow
0012375c 00000168 T consoleInit
001238c4 000000d0 t gfxPresentFramebuffer
00123994 00000010 T gfxSet3D
001239a4 0000001c T gfxIsWide
001239c0 000000ec T gfxSetScreenFormat
00123aac 00000010 T gfxSetDoubleBuffering
00123abc 000000e8 T gfxInit
00123ba4 00000010 T gfxInitDefault
00123bb4 000000b4 T gfxExit
00123c68 000000a0 T gfxGetFramebuffer
00123d08 0000010c T gfxFlushBuffers
00123e14 00000030 T gfxScreenSwapBuffers
00123e44 00000050 T gfxSwapBuffersGpu
00123e94 00000188 T threadCreate
0012401c 0000002c T threadFree
00124048 00000024 T threadJoin
0012406c 00000030 T threadGetCurrent
0012409c 00000040 T threadExit
001240dc 00000044 t _thread_begin
00124120 000001dc T shaderInstanceInit
001242fc 00000018 T shaderInstanceGetUniformLocation
00124314 0000001c T shaderProgramInit
00124330 00000064 T shaderProgramFree
00124394 00000080 T shaderProgramSetVsh
00124414 000008c8 T shaderProgramConfigure
00124cdc 000001f8 t DVLE_GenerateOutmap.part.0
00124ed4 000001cc T DVLB_ParseFile
001250a0 00000038 T DVLB_Free
001250d8 00000074 T DVLE_GetUniformRegister
0012514c 00000010 T GX_BindQueue
0012515c 0000006c T GX_RequestDma
001251c8 00000078 T GX_ProcessCommandList
00125240 00000074 T GX_MemoryFill
001252b4 00000070 T GX_DisplayTransfer
00125324 00000074 T GX_TextureCopy
00125398 00000068 t gxCmdQueueDoCommands.part.0
00125400 000000c8 T gxCmdQueueInterrupt
001254c8 0000004c T gxCmdQueueClear
00125514 000000f8 T gxCmdQueueAdd
0012560c 00000080 T gxCmdQueueRun
0012568c 00000060 T gxCmdQueueStop
001256ec 00000074 T gxCmdQueueWait
00125760 0000013c T GPUCMD_Add
0012589c 000000b0 T GPUCMD_Split
0012594c 00000040 T f32tof16
0012598c 00000040 T f32tof24
001259cc 00000044 T f32tof31
00125a10 00000110 t ndspFinalize
00125b20 000000cc T ndspExit
00125bec 00000034 T ndspSetOutputMode
00125c20 00000010 T ndspSetCallback
00125c30 000000c8 T ndspChnReset
00125cf8 00000018 T ndspChnSetFormat
00125d10 00000050 T ndspChnSetInterp
00125d60 00000064 T ndspChnSetRate
00125dc4 000000b8 T ndspChnWaveBufAdd
00125e7c 00000160 T irrstInit
00125fdc 000000cc T irrstExit
001260a8 000000b4 T irrstScanInput
0012615c 00000024 T irrstKeysHeld
00126180 00000018 T irrstCstickRead
00126198 000000a4 t DSP_LoadComponent.part.0
0012623c 00000080 T dspExit
001262bc 00000030 T dspUnhook
001262ec 000000ac T aptDspSleep
00126398 000000b4 T aptDspWakeup
0012644c 00000044 T aptDspCancel
00126490 00000050 T DSP_FlushDataCache
001264e0 00000044 T DSP_RegisterInterruptEvents
00126524 0000004c T DSP_WriteProcessPipe
00126570 00000040 T DSP_RecvData
001265b0 0000004c T DSP_RecvDataIsReady
001265fc 00000c58 t gspHardwareInit
00127254 0000024c T gspInit
001274a0 000000f0 T gspExit
00127590 00000010 T gspHasGpuRight
001275a0 000000a0 T gspPresentBuffer
00127640 00000030 T gspSetEventCallback
00127670 00000050 T gspWaitForEvent
001276c0 0000004c T gspWaitForAnyEvent
0012770c 00000160 t gspEventThreadMain
0012786c 00000130 T gspSubmitGxCommand
0012799c 00000050 T GSPGPU_FlushDataCache
001279ec 00000034 T GSPGPU_SetLcdForceBlack
00127a20 00000068 T GSPGPU_AcquireRight
00127a88 00000048 T GSPGPU_ReleaseRight
00127ad0 0000007c T GSPGPU_ImportDisplayCaptureInfo
00127b4c 0000002c T GSPGPU_SaveVramSysArea
00127b78 0000002c T GSPGPU_RestoreVramSysArea
00127ba4 000001b0 t aptConvertScreenForCapture
00127d54 0000015c T aptSendCommand
00127eb0 00000038 t aptExitProcess
00127ee8 000002f0 T aptExit
001281d8 000000d8 T aptHandleSleep
001282b0 00000030 T aptHook
001282e0 00000030 T aptUnhook
00128310 0000001c T aptSetMessageCallback
0012832c 00000084 T APT_SleepIfShellClosed
001283b0 00000084 T aptSetSleepAllowed
00128434 00000084 T APT_UnlockTransition
001284b8 00000484 t aptEventHandler
0012893c 000000b0 T APT_ReceiveParameter
001289ec 000000b0 t aptReceiveParameter.constprop.0
00128aa0 000002bc t aptScreenTransfer
00128d5c 00000374 t aptWaitForWakeUp.isra.0
001290d0 00000118 T aptLaunchLibraryApplet
001291e8 000000f8 T aptJumpToHomeMenu
001292e0 0000004c T aptMainLoop
0012932c 00000234 T aptInit
00129560 0000005c T APT_SendParameter
001295bc 00000034 T APT_SetAppCpuTimeLimit
001295f0 0000007c T APT_CheckNew3DS
0012966c 00000024 W hidShouldUseIrrst
00129690 0000018c T hidInit
0012981c 000000e8 T hidExit
00129904 000002a4 T hidScanInput
00129ba8 00000010 T hidKeysHeld
00129bb8 00000010 T hidKeysDown
00129bc8 00000010 T hidKeysUp
00129bd8 00000018 T hidTouchRead
00129bf0 00000018 T hidCircleRead
00129c08 00000074 T ptmSysmInit
00129c7c 0000003c T ptmSysmExit
00129cb8 00000034 T PTMSYSM_ConfigureNew3DSCPU
00129cec 000000c8 T fsInit
00129db4 0000003c T fsExit
00129df0 00000060 T fsExemptFromSession
00129e50 00000050 T fsUnexemptFromSession
00129ea0 000000cc T FSUSER_OpenFile
00129f6c 000000d4 T FSUSER_OpenFileDirectly
0012a040 000000bc T FSUSER_DeleteFile
0012a0fc 000000f8 T FSUSER_RenameFile
0012a1f4 000000bc T FSUSER_DeleteDirectory
0012a2b0 000000d4 T FSUSER_CreateFile
0012a384 000000c4 T FSUSER_CreateDirectory
0012a448 000000f8 T FSUSER_RenameDirectory
0012a540 000000b4 T FSUSER_OpenDirectory
0012a5f4 00000094 T FSUSER_OpenArchive
0012a688 0000008c T FSUSER_CloseArchive
0012a714 00000074 T FSUSER_GetSdmcArchiveResource
0012a788 00000064 T FSUSER_IsSdmcWritable
0012a7ec 00000058 T FSFILE_Read
0012a844 00000060 T FSFILE_Write
0012a8a4 00000038 T FSFILE_GetSize
0012a8dc 00000028 T FSFILE_SetSize
0012a904 0000003c T FSFILE_Close
0012a940 00000024 T FSFILE_Flush
0012a964 00000050 T FSDIR_Read
0012a9b4 0000003c T FSDIR_Close
0012a9f0 00000178 t swkbdMessageCallback
0012ab68 00000078 T swkbdInit
0012abe0 00000050 T swkbdSetHintText
0012ac30 000003a8 T swkbdInputText
0012afd8 00000010 T rbtree_init
0012afe8 000001a8 t do_insert
0012b190 00000008 T rbtree_insert
0012b198 00000090 T rbtree_rotate
0012b228 00000338 T rbtree_remove
0012b560 00000074 T rbtree_find
0012b5d4 000000e8 T utf16_to_utf8
0012b6bc 00000064 T decode_utf16
0012b720 000000c0 T utf8_to_utf16
0012b7e0 000001e0 W __system_allocateHeaps
0012b9c0 00000038 W __libctru_init
0012b9f8 00000168 W __system_initArgv
0012bb60 T svcControlMemory
0012bb80 T svcQueryMemory
0012bbb0 T svcExitProcess
0012bbb8 T svcCreateThread
0012bbd8 T svcExitThread
0012bbe0 T svcSleepThread
0012bbe8 T svcGetThreadPriority
0012bbfc T svcReleaseMutex
0012bc04 T svcCreateEvent
0012bc18 T svcSignalEvent
0012bc20 T svcClearEvent
0012bc28 T svcCreateMemoryBlock
0012bc40 T svcMapMemoryBlock
0012bc48 T svcUnmapMemoryBlock
0012bc50 T svcCreateAddressArbiter
0012bc64 T svcArbitrateAddressNoTimeout
0012bc6c T svcCloseHandle
0012bc74 T svcWaitSynchronization
0012bc7c T svcWaitSynchronizationN
0012bca4 T svcDuplicateHandle
0012bcb8 T svcGetSystemTick
0012bcc0 T svcConnectToPort
0012bcd4 T svcSendSyncRequest
0012bcdc T svcGetResourceLimit
0012bcf0 T svcGetResourceLimitLimitValues
0012bcf8 T svcGetResourceLimitCurrentValues
0012bd00 T svcBreak
0012bd08 W initSystem
0012bd58 W __ctru_exit
0012bd70 T __aeabi_read_tp
0012bd7c 00000084 W envGetHandle
0012be00 00000050 W envDestroyHandles
0012be50 00000124 T srvInit
0012bf74 00000058 T srvExit
0012bfcc 00000080 T srvGetServiceHandleDirect
0012c04c 00000048 T srvGetServiceHandle
0012c094 00000038 T srvPublishToSubscriber
0012c0cc 00000094 t mappableFindAddressWithin
0012c160 00000028 T mappableInit
0012c188 00000080 T mappableAlloc
0012c208 00000004 T mappableFree
0012c20c 0000000c T srvPmGetSessionHandle
0012c218 00000058 T rbtree_node_next
0012c270 00000060 T encode_utf16
0012c2d0 000000fc T encode_utf8
0012c3cc 0000013c T decode_utf8
0012c508 00000030 W __appInit
0012c538 00000030 T __syscall_getreent
0012c568 00000074 T __syscall_gettod_r
0012c5dc 00000030 T __syscall_nanosleep
0012c60c 00000004 T __syscall_lock_acquire
0012c610 00000004 T __syscall_lock_release
0012c614 00000004 T __syscall_lock_init_recursive
0012c618 00000004 T __syscall_lock_acquire_recursive
0012c61c 00000004 T __syscall_lock_release_recursive
0012c620 00000004 T __syscall_exit
0012c624 00000060 T __system_initSyscalls
0012c684 00000030 W __appExit
0012c6b4 00000090 W __libctru_exit
0012c744 00000014 t archive_link
0012c758 00000014 t archive_dirreset
0012c76c 00000014 t archive_chmod
0012c780 00000024 t error_cmp
0012c7a4 00000050 t archive_translate_error
0012c7f4 000000d4 t archive_seek
0012c8c8 0000007c t _archiveInit.part.0
0012c944 0000008c t archiveFindDevice.part.0
0012c9d0 00000260 t archive_utf16path
0012cc30 000000a0 t _archiveUnmountDeviceStruct.part.0
0012ccd0 00000014 t archive_fchmod
0012cce4 00000014 t archive_statvfs
0012ccf8 00000158 t _archiveMountDevice
0012ce50 000000e8 t archive_diropen
0012cf38 000000a4 t archive_fstat
0012cfdc 0000006c t archive_close
0012d048 0000006c t archive_fsync
0012d0b4 00000070 t archive_dirclose
0012d124 000000e8 t sdmc_statvfs
0012d20c 00000080 t archive_ftruncate
0012d28c 000000fc t archive_chdir
0012d388 000000b0 t archive_read
0012d438 000000ac t archive_unlink
0012d4e4 000000c8 t archive_rmdir
0012d5ac 000000ec t archive_mkdir
0012d698 000001a8 t archive_stat
0012d840 0000026c t archive_rename
0012daac 00000168 t archive_dirnext
0012dc14 0000012c t archive_write
0012dd40 000001e8 t archive_open
0012df28 000001a4 T archiveMountSdmc
0012e0cc 00000054 T archiveUnmountAll
0012e120 0000022c T cosf
0012e34c 00000024 t with_errnof
0012e370 0000001c T __math_invalidf
0012e38c 00000050 T fmin
0012e3dc 0000007c T __fpclassifyd
0012e458 00000070 T tanf
0012e4c8 0000026c T sinf
0012e734 000000dc T round
0012e810 00000050 T sqrtf
0012e860 000002e8 T __ieee754_rem_pio2f
0012eb48 00000008 T __ieee754_sqrtf
0012eb50 0000086c T __kernel_rem_pio2f
0012f3bc 00000208 T __kernel_tanf
0012f5c4 00000010 T fabsf
0012f5d4 000000b8 T floorf
0012f68c 00000144 T scalbnf
0012f7d0 00000104 t op_granpos_add
0012f8d4 000000fc t op_stereo_filter
0012f9d0 00000178 t op_get_next_page
0012fb48 000002e4 t op_fetch_headers_impl
0012fe2c 000000a8 t op_fetch_headers
0012fed4 00000038 t op_get_packet_duration
0012ff0c 00000098 t op_collect_audio_packets
0012ffa4 000000d4 t op_clear
00130078 0000006c t op_seek_helper
001300e4 00000438 t op_float2short_filter
0013051c 000000a4 t op_decode
001305c0 000000e4 t op_rescale64.part.0
001306a4 000000e4 t op_granpos_diff
00130788 00000394 t op_find_initial_pcm_offset
00130b1c 00000308 t op_find_final_pcm_offset
00130e24 000000cc t op_update_gain.part.7
00130ef0 00000140 t op_make_decode_ready.part.8
00131030 000008fc t op_fetch_and_process_page
0013192c 000000b4 t op_float2short_stereo_filter
001319e0 00000408 t op_read_native.part.10
00131de8 000000b8 t op_filter_read_native
00131ea0 00000ea4 t op_open_seekable2
00132d44 00000064 t op_open2
00132da8 00000244 T op_test_callbacks
00132fec 0000004c T op_open_callbacks
00133038 00000064 t op_open_close_on_failure
0013309c 00000034 T op_open_file
001330d0 00000020 T op_free
001330f0 00000024 T op_read_stereo
00133114 00000004 t op_ftell
00133118 00000004 t op_fseek
0013311c 00000044 t op_fread
00133160 00000034 T op_fopen
00133194 00000050 t op_strdup_with_len
001331e4 0000009c t op_tags_ensure_capacity
00133280 000001f4 t opus_tags_parse_impl
00133474 000000f4 t opus_tags_get_gain.isra.0.constprop.1
00133568 00000204 T opus_head_parse
0013376c 00000060 T opus_tags_clear
001337cc 00000074 T opus_tags_parse
00133840 0000001c T opus_tags_get_album_gain
0013385c 0000001c T opus_tags_get_track_gain
00133878 00000058 T op_strncasecmp
001338d0 000000c8 T lrintf
00133998 00000100 t _os_update_crc
00133a98 0000012c t _packetout
00133bc4 00000010 T ogg_page_bos
00133bd4 00000044 T ogg_page_granulepos
00133c18 0000000c T ogg_page_serialno
00133c24 00000054 T ogg_stream_clear
00133c78 00000098 T ogg_stream_init
00133d10 00000078 t _os_body_expand
00133d88 0000008c t _os_lacing_expand
00133e14 00000078 T ogg_page_checksum_set
00133e8c 00000030 T ogg_sync_init
00133ebc 00000044 T ogg_sync_clear
00133f00 000000c8 T ogg_sync_buffer
00133fc8 00000034 T ogg_sync_wrote
00133ffc 000001d8 T ogg_sync_pageseek
001341d8 00000380 T ogg_stream_pagein
00134558 00000030 T ogg_sync_reset
00134588 00000068 T ogg_stream_reset_serialno
001345f0 00000024 T ogg_stream_packetout
00134614 00000380 T opus_pcm_soft_clip
00134994 000000a4 T opus_packet_get_samples_per_frame
00134a38 00000480 T opus_packet_parse_impl
00134eb8 000000b4 t smooth_fade
00134f70 00000e24 t opus_decode_frame
00135d94 0000004c t opus_decoder_get_size.part.2
00135de0 00000018 T opus_decoder_get_size
00135df8 00000140 T opus_decoder_init
00135f38 00000604 T opus_decode_native
0013653c 000002e0 T opus_decoder_ctl
0013681c 00000050 T opus_packet_get_nb_frames
0013686c 00000074 T opus_packet_get_nb_samples
001368e0 00000078 t opus_copy_channel_out_float
00136958 00000044 t opus_multistream_decoder_get_size.part.2
0013699c 00000128 T opus_multistream_decoder_init
00136ac4 000000e4 T opus_multistream_decoder_create
00136ba8 000002bc T opus_multistream_decoder_ctl_va_list
00136e64 00000030 T opus_multistream_decoder_ctl
00136e94 00000478 T opus_multistream_decode_native
0013730c 0000003c T opus_multistream_decode_float
00137348 00000004 T opus_multistream_decoder_destroy
0013734c 00000038 T celt_fatal
00137384 00000088 T resampling_factor
0013740c 000002c0 T comb_filter
001376cc 0000006c T init_caps
00137738 00000224 t deemphasis
0013795c 00000498 t celt_synthesis
00137df8 00000eb0 t celt_decode_lost
00138ca8 000002d0 T validate_celt_decoder
00138f78 00000040 T celt_decoder_get_size
00138fb8 000011f0 T celt_decode_with_ec
0013a1a8 00000304 T opus_custom_decoder_ctl
0013a4ac 000000e8 T celt_decoder_init
0013a594 00000048 T ec_tell_frac
0013a5dc 0000007c t ec_dec_normalize
0013a658 00000060 T ec_dec_init
0013a6b8 0000003c T ec_decode
0013a6f4 00000040 T ec_decode_bin
0013a734 0000003c T ec_dec_update
0013a770 00000034 T ec_dec_bit_logp
0013a7a4 00000050 T ec_dec_icdf
0013a7f4 00000074 T ec_dec_bits
0013a868 00000114 T ec_dec_uint
0013a97c 00000214 T clt_mdct_backward_c
0013ab90 000000ac T opus_custom_mode_create
0013ac3c 00000120 t find_best_pitch
0013ad5c 00000254 T pitch_downsample
0013afb0 00000298 T celt_pitch_xcorr_c
0013b248 000002b0 T pitch_search
0013b4f8 00000124 T _celt_lpc
0013b61c 000002d8 T celt_fir_c
0013b8f4 000003e4 T celt_iir
0013bcd8 00000168 T _celt_autocorr
0013be40 00000200 T unquant_coarse_energy
0013c040 000000dc T unquant_fine_energy
0013c11c 00000160 T unquant_energy_finalise
0013c27c 00000df0 T clt_compute_allocation
0013d06c 0000009c t exp_rotation1
0013d108 00000080 t normalise_residual
0013d188 0000018c t exp_rotation.part.0
0013d314 0000030c T op_pvq_search_c
0013d620 000001e0 T alg_quant
0013d800 00000140 T alg_unquant
0013d940 000000b4 T renormalise_vector
0013d9f8 00000274 T stereo_itheta
0013dc6c 00000014 T silk_Get_Decoder_Size
0013dc80 00000038 T silk_InitDecoder
0013dcb8 00000bc0 T silk_Decode
0013e878 00000294 T silk_stereo_MS_to_LR
0013eb0c 000003c0 T silk_resampler_init
0013eecc 00000184 T silk_resampler
0013f050 000009b8 T silk_resampler_private_down_FIR
0013fa08 000001e4 T silk_resampler_private_IIR_FIR
0013fbec 00000218 T silk_resampler_private_up2_HQ
0013fe04 00000004 T silk_resampler_private_up2_HQ_wrapper
0013fe08 00000134 T silk_stereo_decode_pred
0013ff3c 00000020 T silk_stereo_decode_mid_only
0013ff5c 0000007c T validate_layout
0013ffd8 00000074 T get_left_channel
0014004c 00000078 T get_right_channel
001400c4 00000078 T get_mono_channel
0014013c 000000a8 t intensity_stereo.isra.0
001401e4 0000011c t deinterleave_hadamard
00140300 00000078 t special_hybrid_folding.isra.1
00140378 00000104 t quant_band_n1.isra.3
0014047c 00000018 T celt_lcg_rand
00140494 0000007c T bitexact_log2tan
00140510 000008e0 t compute_theta
00140df0 000005f8 t quant_partition
001413e8 000001fc T denormalise_bands
001415e8 00000358 T anti_collapse
00141940 00000080 T haar1
001419c0 000005b0 t quant_band
00141f70 000005dc t quant_band_stereo
0014254c 00000fd8 T quant_all_bands
00143524 0000012c T encode_pulses
00143650 000002d4 T decode_pulses
00143924 000000a8 t ec_enc_carry_out.part.0
001439cc 000000cc T ec_encode
00143a98 0000008c T ec_enc_bit_logp
00143b24 00000098 T ec_enc_bits
00143bbc 00000080 T ec_enc_uint
00143c3c 00000960 T opus_fft_impl
0014459c 00000174 T ec_laplace_decode
00144710 00000040 T isqrt32
00144750 00000040 T silk_init_decoder
00144790 00000224 T silk_decode_frame
001449b4 0000024c T silk_decode_parameters
00144c00 0000041c T silk_decode_indices
0014501c 00000248 T silk_decode_pulses
00145264 00000244 T silk_decoder_set_fs
001454a8 000000b4 T silk_gains_dequant
0014555c 00000150 T silk_NLSF_decode
001456ac 00000030 T silk_PLC_Reset
001456dc 00000e28 T silk_PLC
00146504 000001e0 T silk_PLC_glue_frames
001466e4 000003fc T silk_shell_decoder
00146ae0 000000a0 T silk_NLSF_unpack
00146b80 00000070 T silk_bwexpander
00146bf0 00000104 T silk_decode_pitch
00146cf4 00000068 T silk_log2lin
00146d5c 0000017c T silk_LPC_analysis_filter
00146ed8 00000628 T silk_LPC_inverse_pred_gain_c
00147500 00000360 T silk_NLSF2A
00147860 000002e4 T silk_NLSF_stabilize
00147b44 00000070 T silk_resampler_private_AR2
00147bb4 00000074 T silk_insertion_sort_increasing_all_values_int16
00147c28 00000114 T silk_sum_sqr_shift
00147d3c 000001cc T silk_LPC_fit
00147f08 00000064 T silk_CNG_Reset
00147f6c 000009b0 T silk_CNG
0014891c 000000d4 T silk_decode_signs
001489f0 00000cb8 T silk_decode_core
001496a8 0000009c T silk_bwexpander_32
00149748 0000022c T exp
00149974 00000024 t with_errno
00149998 00000028 t xflow
001499c0 00000010 T __math_uflow
001499d0 00000010 T __math_oflow
001499e0 00000014 T __math_check_uflow
001499f8 00000028 T __math_check_oflow
00149a20 000000c0 T cos
00149ae0 00000174 T floor
00149c58 00000058 T sqrt
00149cb0 00000328 T __ieee754_rem_pio2
00149fd8 00000008 T __ieee754_sqrt
00149fe0 00000158 T __kernel_cos
0014a138 0000088c T __kernel_rem_pio2
0014a9c8 000000c0 T __kernel_sin
0014aa88 00000014 T fabs
0014aaa0 0000012c T scalbn
0014abcc 00000120 T __udivmoddi4
0014acec 00000014 T abort
0014ad00 00000050 T access
0014ad50 00000054 T __assert_func
0014ada4 00000078 T bsearch
0014ae1c 00000028 T calloc
0014ae44 000000bc T _calloc_r
0014af00 0000000c T __errno
0014af0c 00000034 T exit
0014af40 00000160 T _fclose_r
0014b0a0 00000020 T fclose
0014b0c0 00000258 T __sflush_r
0014b318 00000094 T _fflush_r
0014b3ac 00000038 T fflush
0014b3e4 0000000c T _cleanup_r
0014b3f0 00000184 T __sinit
0014b574 00000134 T __sfp
0014b6a8 0000000c T __sfp_lock_acquire
0014b6b4 0000000c T __sfp_lock_release
0014b6c0 0000003c T __libc_fini_array
0014b6fc 0000003c T fiprintf
0014b738 000000cc T __sflags
0014b804 00000140 T _fopen_r
0014b944 00000028 T fopen
0014b96c 0000003c T fprintf
0014b9a8 000002d4 T _fread_r
0014bc7c 00000038 T fread
0014bcb4 000000f8 T _malloc_trim_r
0014bdac 000002e4 T _free_r
0014c090 0000001c T _fseek_r
0014c0ac 00000034 T fseek
0014c0e0 00000598 T _fseeko_r
0014c678 00000034 T fseeko
0014c6ac 00000034 T ftell
0014c6e0 000001bc T _ftello_r
0014c89c 00000020 T ftello
0014c8bc 00000068 T _fwalk
0014c924 00000070 T _fwalk_reent
0014c994 000000f8 T _fwrite_r
0014ca8c 00000038 T fwrite
0014cac4 0000007c T __libc_init_array
0014cb40 00000138 T __smakebuf_r
0014cc78 0000008c T __swhatbuf_r
0014cd04 00000028 T memalign
0014cd2c 00000150 T _memalign_r
0014ce7c 00000020 T malloc
0014ce9c 00000020 T free
0014cebc 000007e0 T _malloc_r
0014d69c 000000e0 T memchr
0014d77c 000000a8 T memcmp
0014d824 0000003c T __memcpy_chk
0014d860 0000011c T memcpy
0014d97c 00000154 T memmove
0014dad0 00000118 T memset
0014dbe8 0000000c T __malloc_lock
0014dbf4 0000000c T __malloc_unlock
0014dc00 00000034 T printf
0014dc34 000000e0 T _puts_r
0014dd14 00000020 T puts
0014dd34 00000958 T qsort
0014e68c 00000028 T realloc
0014e6b4 00000558 T _realloc_r
0014ec0c 0000001c t lflush
0014ec28 000001ac T __srefill_r
0014edd4 0000002c T rewind
0014ee00 00000260 T setvbuf
0014f060 00000098 T _raise_r
0014f0f8 00000020 T raise
0014f118 00000064 T sprintf
0014f17c 00000074 T sscanf
0014f1f0 00000044 T __sread
0014f234 00000008 T __seofread
0014f23c 00000068 T __swrite
0014f2a4 00000048 T __sseek
0014f2ec 00000008 T __sclose
0014f2f4 00000070 T stpcpy
0014f364 0000012c T strchr
0014f490 000000f0 T strcpy
0014f580 00000064 T strcspn
0014f5e4 0000005c T strlen
0014f640 000000ec T strncat
0014f72c 000000dc T strncmp
0014f808 000000c0 T strncpy
0014f8c8 00000048 T strnlen
0014f910 000001c4 t _strtoul_l.constprop.0
0014fad4 00000004 T _strtoul_r
0014fad8 00000030 T strtoul
0014fb08 00000628 t get_arg
00150130 000035b8 T _svfprintf_r
001536e8 00000050 t get_arg
00153738 00002bbc T __ssvfscanf_r
001562f4 00000028 T stat
0015631c 00000020 T unlink
0015633c 0000003c T time
00156378 00000628 t get_arg
001569a0 00000030 T __sprint_r
001569d0 0000233c T _vfiprintf_r
00158d0c 000000d4 t __sbprintf
00158de0 00000628 t get_arg
00159408 00003684 T _vfprintf_r
0015ca8c 0000002c T vfprintf
0015cab8 000000d4 t __sbprintf
0015cb8c 00000028 T vprintf
0015cbb4 0000005c T vsprintf
0015cc10 00000054 T _wcrtomb_r
0015cc64 00000028 T _wcsrtombs_r
0015cc8c 00000154 T __swsetup_r
0015cde0 00000114 T __call_exitprocs
0015cef4 00000058 T __chk_fail
0015cf4c 000001ac t quorem
0015d0f8 000012cc T _dtoa_r
0015e3c4 000004c0 T __sfvwrite_r
0015e884 00000008 T iswspace
0015e88c 0000000c T _localeconv_r
0015e898 00000010 T __locale_mb_cur_max
0015e8a8 00000068 T _mbrtowc_r
0015e910 000002e4 T __utf8_mbtowc
0015ebf4 00000088 T _Balloc
0015ec7c 0000001c T _Bfree
0015ec98 000000f4 T __multadd
0015ed8c 00000110 T __s2b
0015ee9c 00000058 T __hi0bits
0015eef4 00000094 T __lo0bits
0015ef88 000000a4 T __i2b
0015f02c 00000204 T __multiply
0015f230 00000120 T __pow5mult
0015f350 0000013c T __lshift
0015f48c 00000058 T __mcmp
0015f4e4 000001cc T __mdiff
0015f6b0 00000074 T __ulp
0015f724 000000d0 T __b2d
0015f7f4 00000124 T __d2b
0015f918 00000078 T __ratio
0015f990 00000088 T __copybits
0015fa18 0000005c T __any_on
0015fa74 000000e4 T __sccl
0015fb58 0000000c T nanf
0015fb68 000000a8 T frexp
0015fc10 000000b8 T stpncpy
0015fcc8 00001368 T _strtod_l
00161030 0000000c T _strtod_r
0016103c 0000022c t _strtoll_l.constprop.0
00161268 00000004 T _strtoll_r
0016126c 000001a4 t _strtol_l.part.0
00161410 0000003c T _strtol_r
0016144c 00000244 t _strtoull_l.constprop.0
00161690 00000004 T _strtoull_r
00161694 00000190 T __ssprint_r
00161824 000000e0 T _sungetc_r
00161904 0000006c T __ssrefill_r
00161970 000000c8 T _sfread_r
00161a38 00000030 T write
00161a68 000000a8 T __submore
00161b10 00000190 T _wcsnrtombs_l
00161ca0 0000004c T _wcsnrtombs_r
00161cec 000000f0 T __utf8_wctomb
00161ddc 000000ec t rshift
00161ec8 00000904 T __gethex
001627cc 0000004c T __match
00162818 0000029c T __hexnan
00162ab4 0000003c T iswspace_l
00162af0 000001d4 t __jp2uc
00162cc4 0000009c T _jp2uc_l
00162d60 00000010 T nan
00162d70 00000084 T category
00162df4 00000008 t null_write
00162dfc 00000018 T setDefaultDevice
00162e14 000000c8 T FindDevice
00162edc 00000028 T RemoveDevice
00162f04 0000009c T AddDevice
00162fa0 00000020 T GetDeviceOpTab
00162fc0 00000078 T _fstat_r
00163038 00000014 T _getpid_r
0016304c 00000030 T _gettimeofday_r
0016307c 00000008 T _isatty_r
00163084 00000014 T _kill_r
00163098 00000084 T _lseek_r
0016311c 000000c8 T _open_r
001631e4 00000080 T _read_r
00163264 00000078 T _sbrk_r
001632dc 00000048 T sleep
00163324 00000078 T _stat_r
0016339c 00000070 T _unlink_r
0016340c 00000080 T _write_r
0016348c 00000020 T _exit
001634ac 000001b8 T _concatenate_path
00163664 00000160 T chdir
001637c4 00000060 T mkdir
00163824 00000008 T __flockfile
0016382c 00000008 T __funlockfile
00163834 0000008c T __release_handle
001638c0 000000b4 T __alloc_handle
00163974 0000003c T __get_handle
001639b0 000000f4 T _close_r
00163aa4 00000068 t __dirnext
00163b0c 000000f4 T opendir
00163c00 00000090 T closedir
00163c90 000000b8 T readdir
00163d48 0000002c T __getreent
00163d74 00000074 T _rmdir_r
00163de8 00000020 T rmdir
00163e08 0000001c T __libc_lock_acquire
00163e24 0000001c T __libc_lock_release
00163e40 0000001c T __libc_lock_init_recursive
00163e5c 0000001c T __libc_lock_acquire_recursive
00163e78 0000001c T __libc_lock_release_recursive
00163e94 0000001c T __libc_lock_close_recursive
00163eb0 00000040 T nanosleep
00163ef0 00000038 T __aeabi_d2lz
00163ef0 00000038 T __fixdfdi
00163f28 00000040 T __aeabi_d2ulz
00163f28 00000040 T __fixunsdfdi
00163f68 00000044 T strrchr
00163fac T _fini
0016400c 00000048 r faces.0
00164054 00000010 r CSWTCH.5
001640f4 00000240 R cube_sides_lut
00164340 00000010 r worldGenTypesStr
00164350 00000024 R _seethroughTable
00164380 00000004 R GravityPlusFriction
00164384 00000004 R MaxFallVelocity
00164388 00000004 R MaxWalkVelocity
0016438c 0000003c R n3ds_default_scheme
001643c8 0000003c R platform_default_scheme
00164404 00000200 r singletable
00164604 000000c0 r grad3
001646c4 00000200 r grad4
001648c4 0000001c r ADAM7_DX
001648e0 0000001c r ADAM7_IX
001648fc 0000001c r ADAM7_DY
00164918 0000001c r ADAM7_IY
00164934 00000074 r LENGTHBASE
001649a8 00000078 r DISTANCEBASE
00164a20 00000078 r DISTANCEEXTRA
00164a98 00000074 r LENGTHEXTRA
00164b0c 0000004c r CLCL_ORDER
00164b58 0000001c r CSWTCH.182
00164b74 00000400 r lodepng_crc32_table
00164f74 00000010 r CSWTCH.341
00164f84 0000017c r CSWTCH.365
00165100 00000010 R lodepng_default_decompress_settings
00165110 00000024 R lodepng_default_compress_settings
00165134 00000013 r s_length_dezigzag.9
00165134 00000013 r s_tdefl_packed_code_size_syms_swizzle
00165148 0000001a r __func__.15
00165164 00000200 r s_tdefl_len_sym
00165364 00000018 r __func__.14
0016537c 00000100 r s_tdefl_len_extra
0016547c 00000044 r mz_bitmasks
001654c0 00000200 r s_tdefl_small_dist_sym
001656c0 00000200 r s_tdefl_small_dist_extra
001658c0 00000080 r s_tdefl_large_dist_sym
00165940 00000080 r s_tdefl_large_dist_extra
001659c0 00000012 r __func__.17
001659d4 0000001d r __func__.3
001659f4 00000400 r s_crc_table.22
00165df4 00000050 r s_error_descs.21
00165e44 00000011 r __func__.19
00165e58 00000013 r __func__.18
00165e6c 00000016 r __func__.20
00165e84 00000016 r __func__.13
00165e9c 0000002c r s_tdefl_num_probes
00165e9c 0000002c r s_tdefl_png_num_probes.12
00165ef4 00000005 r chans.11
00165f10 0000000c r s_min_table_sizes.10
00165f1c 0000007c r s_length_extra.8
00165f98 0000007c r s_length_base.7
00166014 00000080 r s_dist_extra.6
00166094 00000080 r s_dist_base.5
00166114 00000011 r __func__.4
00166128 0000001c r __func__.2
00166144 00000018 r __func__.1
0016615c 00000022 r __func__.0
00166180 00000080 r CSWTCH.582
0016622c R gui_shbin
001663a0 R gui_shbin_end
001663a0 R gui_shbin_size
001663a4 R world_shbin
001664c4 R world_shbin_end
001664c4 R world_shbin_size
001693dc r .LC2
00169750 00000038 r CSWTCH.19
00169788 00000005 r colorFmtSizes
00169790 00000004 r depthFmtSizes
001697b4 00000070 r romFS_devoptab
00169894 00000006 r colorCube
0016989c 00000030 r colorTable
001698cc 00000070 r dotab_stdout
0016993c 00000018 r grayScale
00169980 00000008 r morton_x.3
00169988 00000008 r morton_y.2
00169990 00000008 r s_sleepWakeEvents.4
001699d0 R default_font_bin
0016a1d0 R default_font_bin_end
0016a1f4 00000070 r archive_devoptab
0016a264 00000030 r error_table
0016a294 00000060 R __inv_pio4
0016a2f8 000000e0 R __sincosf_table
0016a3d8 00000080 r npio2_hw
0016a458 00000318 r two_over_pi
0016a770 0000002c r PIo2
0016a79c 0000000c r init_jk
0016a7a8 00000010 r OP_FCOEF_A
0016a7b8 00000010 r OP_FCOEF_B
0016a7c8 00000180 r OP_STEREO_DOWNMIX
0016a948 00000010 r OP_FILE_CALLBACKS
0016a990 00000008 r TWO23
0016a998 00002000 r crc_lookup
0016c998 00000014 r CSWTCH.81
0016d29c 00000024 r gains.8759
0016d2cc 00000020 R tf_select_table
0016d31c 00000004 r spread_icdf
0016d320 00000003 r tapset_icdf
0016d324 0000000b r trim_icdf
0016d6e0 00000020 r correction.6326
0016d728 000000e7 r band_allocation
0016d810 00000188 r cache_bits50
0016d998 000000a8 r cache_caps50
0016da40 000000d2 r cache_index50
0016db14 0000002c r eband5ms
0016db40 000000f0 r fft_bitrev120
0016dc30 000001e0 r fft_bitrev240
0016de10 000003c0 r fft_bitrev480
0016e1d0 00000078 r fft_bitrev60
0016e248 00000038 r fft_state48000_960_0
0016e280 00000038 r fft_state48000_960_1
0016e2b8 00000038 r fft_state48000_960_2
0016e2f0 00000038 r fft_state48000_960_3
0016e328 00000f00 r fft_twiddles48000_960
0016f228 0000002a r logN400
0016f254 00001c20 r mdct_twiddles960
00170e74 0000006c r mode48000_960_120
00170ee0 000001e0 r window120
001711b8 00000010 r beta_coef
001711c8 00000064 R eMeans
0017122c 00000150 r e_prob_model
0017137c 00000010 r pred_coef
0017138c 00000003 r small_energy_icdf
00171390 00000018 r LOG2_FRAC_TABLE
0017144c 0000000c r SPREAD_FACTOR.8617
001715d0 00000003 r silk_LBRR_flags_2_iCDF
001715d4 00000007 r silk_LBRR_flags_3_iCDF
001715dc 00000008 R silk_LBRR_flags_iCDF_ptr
001715e4 00000006 R silk_LTPScales_table_Q14
001715ec 00000003 R silk_LTPscale_iCDF
001715f0 00000007 R silk_NLSF_EXT_iCDF
001715f8 00000005 R silk_NLSF_interpolation_factor_iCDF
00171600 00000008 R silk_Quantization_Offsets_Q10
00171608 00000002 R silk_lsb_iCDF
0017160c 00000002 R silk_stereo_only_code_mid_iCDF
00171610 00000019 R silk_stereo_pred_joint_iCDF
0017162c 00000020 R silk_stereo_pred_quant_Q13
0017164c 00000004 R silk_type_offset_VAD_iCDF
00171650 00000002 R silk_type_offset_no_VAD_iCDF
00171654 00000003 R silk_uniform3_iCDF
00171658 00000004 R silk_uniform4_iCDF
0017165c 00000005 R silk_uniform5_iCDF
00171664 00000006 R silk_uniform6_iCDF
0017166c 00000008 R silk_uniform8_iCDF
00171674 0000000f r delay_matrix_dec
00171684 0000000f r delay_matrix_enc
00171724 0000001c R silk_Resampler_1_2_COEFS
00171740 00000028 R silk_Resampler_1_3_COEFS
00171768 00000028 R silk_Resampler_1_4_COEFS
00171790 00000028 R silk_Resampler_1_6_COEFS
001717b8 00000028 R silk_Resampler_2_3_COEFS
001717e0 0000003a R silk_Resampler_3_4_COEFS
0017181c 00000060 R silk_resampler_frac_FIR_12
0017187c 00000010 r bit_deinterleave_table.9138
0017188c 00000010 r bit_interleave_table.9128
00171920 00000010 r exp2_table8.8969
00171930 00000078 r ordery_table
001719c0 000013e0 r CELT_PVQ_U_DATA
00172da0 0000003c r CELT_PVQ_U_ROW
001731a4 00000004 r HARM_ATT_Q15
001731a8 00000004 r PLC_RAND_ATTENUATE_UV_Q15
001731ac 00000004 r PLC_RAND_ATTENUATE_V_Q15
00173204 00000029 R silk_delta_gain_iCDF
00173230 00000018 R silk_gain_iCDF
00173248 00000008 r silk_LTP_gain_iCDF_0
00173250 00000010 r silk_LTP_gain_iCDF_1
00173260 00000020 r silk_LTP_gain_iCDF_2
00173280 0000000c R silk_LTP_gain_iCDF_ptrs
0017328c 00000028 r silk_LTP_gain_vq_0
001732b4 00000050 r silk_LTP_gain_vq_1
00173304 000000a0 r silk_LTP_gain_vq_2
001733a4 00000003 R silk_LTP_per_index_iCDF
001733a8 0000000c R silk_LTP_vq_ptrs_Q7
001733b4 00000140 r silk_NLSF_CB1_NB_MB_Q8
001734f4 00000280 r silk_NLSF_CB1_Wght_Q9
00173774 00000040 r silk_NLSF_CB1_iCDF_NB_MB
001737b4 00000048 r silk_NLSF_CB2_BITS_NB_MB_Q5
001737fc 000000a0 r silk_NLSF_CB2_SELECT_NB_MB
0017389c 00000048 r silk_NLSF_CB2_iCDF_NB_MB
001738e4 00000028 R silk_NLSF_CB_NB_MB
0017390c 00000016 r silk_NLSF_DELTA_MIN_NB_MB_Q15
00173924 00000012 r silk_NLSF_PRED_NB_MB_Q8
00173938 00000200 r silk_NLSF_CB1_WB_Q8
00173b38 00000400 r silk_NLSF_CB1_WB_Wght_Q9
00173f38 00000040 r silk_NLSF_CB1_iCDF_WB
00173f78 00000048 r silk_NLSF_CB2_BITS_WB_Q5
00173fc0 00000100 r silk_NLSF_CB2_SELECT_WB
001740c0 00000048 r silk_NLSF_CB2_iCDF_WB
00174108 00000028 R silk_NLSF_CB_WB
00174130 00000022 r silk_NLSF_DELTA_MIN_WB_Q15
00174154 0000001e r silk_NLSF_PRED_WB_Q8
00174174 00000003 R silk_pitch_contour_10_ms_NB_iCDF
00174178 0000000c R silk_pitch_contour_10_ms_iCDF
00174184 0000000b R silk_pitch_contour_NB_iCDF
00174190 00000022 R silk_pitch_contour_iCDF
001741b4 00000015 R silk_pitch_delta_iCDF
001741cc 00000020 R silk_pitch_lag_iCDF
001741ec 000000b4 R silk_pulses_per_block_iCDF
001742a0 00000012 R silk_rate_levels_iCDF
001742b4 00000098 R silk_shell_code_table0
0017434c 00000098 R silk_shell_code_table1
001743e4 00000098 R silk_shell_code_table2
0017447c 00000098 R silk_shell_code_table3
00174514 00000011 R silk_shell_code_table_offsets
00174528 0000002a R silk_sign_iCDF
00174610 0000000a r ordering10.8179
0017461c 00000010 r ordering16.8178
00174660 0000002c R silk_CB_lags_stage2
0017468c 00000006 R silk_CB_lags_stage2_10_ms
00174694 00000088 R silk_CB_lags_stage3
0017471c 00000018 R silk_CB_lags_stage3_10_ms
00174810 00000102 R silk_LSFCosTab_FIX_Q12
00174914 00000080 r npio2_hw
00174994 00000108 r two_over_pi
00174aa0 00000870 R __exp_data
00175310 00000040 r PIo2
00175350 00000010 r init_jk
001753a0 00000101 R _ctype_
001754a4 00000004 R _global_impure_ptr
001754e4 00000010 r blanks.1
001754f4 00000010 r zeroes.0
0017550c 00000022 r basefix.0
00175530 00000010 r blanks.1
00175540 00000010 r zeroes.0
00175550 00000010 r blanks.1
00175560 00000010 r zeroes.0
00175688 00000028 R __mprec_bigtens
001756b0 000000c8 R __mprec_tens
00175778 0000000c r p05.0
00175794 00000014 r fpi.1
001757a8 00000014 r fpinan.0
001757c0 00000028 r tinytens
001757e8 0000006c R __action_table
00175854 00000100 R __chclass
00175954 0000006c R __state_table
00175a08 00000100 R __hexdig
00175b1c 000000bc r a1
00175bd8 000000bc r a2
00175c94 0000005b r a3
00175cf0 00000070 r a6
00175d60 000000a2 r a7
00175e04 00000040 r a8
00175e44 0000172a r b02cf
00177570 00001a7c r d02f4
00178fec 0000000c R _C_numeric_locale
00178ff8 000031e6 r categories
0017c1e0 00000070 R dotab_stdnull
0017c250 r 
0017c250 R __exidx_end
0017c250 R __exidx_start
0017d000 00000001 D showDebugInfo
0017d004 000000b8 D block_texture_files
0017d0bc 0000009c D BlockNames
0017d158 00000060 d vertices
0017d1b8 00000004 d guiScale
0017d1bc 00000004 d selectedWorld
0017d1c0 00000001 d worldGenType
0017d1c4 00000004 D uuidGenerator
0017d1c8 00000007 D DirectionToAxis
0017d1d0 00000007 D DirectionOpposite
0017d1d8 00000054 D DirectionToOffset
0017d22c 0000005c D platform_key_names
0017d288 00000004 d framerate
0017d28c 00000008 d framerateCounter
0017d294 00000004 D currentConsole
0017d298 00000048 D defaultConsole
0017d2e0 00000001 d firstConsoleInit.0
0017d2e4 00000004 d queueLock
0017d2e8 00000004 d kCount
0017d2ec 00000004 d kDelay
0017d2f0 00000004 d kInterval
0017d2f4 W __stacksize__
0017d2f8 00000004 D _impure_ptr
0017d300 00000460 d impure_data
0017d760 00000408 D __malloc_av_
0017db68 00000004 D __malloc_sbrk_base
0017db6c 00000004 D __malloc_trim_threshold
0017db70 0000016c D __global_locale
0017dcdc 00000002 d numempty
0017dce0 00000004 d defaultDevice
0017dce4 0000008c D devoptab_list
0017dd70 00000400 d _current_working_directory
0017e170 0000000c d __stderr_handle
0017e17c 0000000c d __stdin_handle
0017e188 0000000c d __stdout_handle
0017e194 00001000 d handles
0017f19c d _GLOBAL_OFFSET_TABLE_
0017f1a8 d __frame_dummy_init_array_entry
0017f1a8 D __init_array_start
0017f1a8 B __preinit_array_end
0017f1a8 B __preinit_array_start
0017f1a8 D __tdata_lma
0017f1a8 D __tdata_lma_end
0017f1ac d __do_global_dtors_aux_fini_array_entry
0017f1ac D __fini_array_start
0017f1ac D __init_array_end
0017f1b0 D __bss_start__
0017f1b0 D __fini_array_end
0017f1b0 00000400 b swkbd.1
0017f5b0 00000040 b textBuffer.0
0017f5f0 00000001 B s_quit0
0017f5f4 00000008 B s_event
0017f5fc 00000001 B s_quit1
0017f600 00000008 B s_event1
0017f608 00000004 B s_audioBuffer0
0017f60c 00000004 B s_audioBuffer1
0017f610 00000048 B s_waveBufs1
0017f658 00000048 B s_waveBufs0
0017f6a0 00000218 b textureMap
0017f8b8 00000170 b icon
0017fa28 00000218 b textureMap
0017fc40 00000008 b icon
0017fc48 00000018 b texture
0017fc60 00000004 b cloudVBO
0017fc64 00000004 b cursorVBO
0017fc68 00000004 b handVBO
0017fc6c 00000018 b SkinTexture
0017fc84 0000000c b floodfill_queue
0017fc90 00000004 b currentFace
0017fc94 00000004 b transparentFaces
0017fc98 00000004 b world
0017fc9c 00000004 b player
0017fca0 00000004 b updateLock
0017fca4 0000000c b vboUpdates
0017fcb0 00001000 b floodfill_visited
00180cb0 00018000 b faceBuffer
00198cb0 00000004 b world
00198cb4 00000004 b player
00198cb8 00000004 b workqueue
00198cbc 00000004 b gamestate
00198cc0 00000008 b renderTargets
00198cc8 00000004 b lowerScreen
00198ccc 00000004 b world_dvlb
00198cd0 00000014 b world_shader
00198ce4 00000004 b world_shader_uLocProjection
00198ce8 00000004 b gui_dvlb
00198cec 00000014 b gui_shader
00198d00 00000004 b gui_shader_uLocProjection
00198d08 00000018 b world_vertexAttribs
00198d20 00000018 b gui_vertexAttribs
00198d38 00000018 b logoTex
00198d50 0000000c b freedBlocks
00198d5c 00000004 b lock
00198d60 00000288 b chunkRendered
00198fe8 0000000c b renderingQueue
00198ff4 0000000c b transparentClusters
00199000 00000004 b player
00199004 00000004 b world
00199008 0000018c b camera
00199194 00000004 b workqueue
00199198 00000004 b projectionUniform
0019919c 00000200 b fogLut
0019939c 00000004 B sky_time
001993a0 00000050 b logLines
001993f0 0000003c b statusLines
0019942c 00000004 b currentStatusLine
00199430 00000018 b input
00199448 00000018 b oldInput
00199460 00000004 b paddingX
00199464 00000004 b paddingY
00199468 00000004 b relativeX
0019946c 00000004 b relativeY
00199470 00000004 b windowX
00199474 00000004 b windowY
00199478 0000000c b currentRow
00199484 00000004 b sourceStack
00199488 00000004 b proposedSourceStack
0019948c 0000000c b cmdList
00199498 00000008 b vertexList
001994a0 00000004 b projUniform
001994a4 00000004 b font
001994a8 00000018 b widgetsTex
001994c0 00000018 b whiteTex
001994d8 00000018 b menuBackgroundTex
001994f0 00000018 b iconsTex
00199508 00000040 b iconModelMtx
00199548 00000004 b currentTexture
0019954c 00000004 b screenWidth
00199550 00000004 b screenHeight
00199554 00000004 b rot
00199558 0000000c b worlds
00199564 00000001 b menustate
00199568 00000004 b velocity
0019956c 00000004 b scroll
00199570 00000001 b clicked_play
00199571 00000001 b clicked_new_world
00199572 00000001 b clicked_delete_world
00199573 00000001 b canceled_deletion
00199574 00000001 b confirmed_deletion
00199575 00000001 b canceled_world_options
00199576 00000001 b confirmed_world_options
00199578 00000400 b swkbd.1
00199978 0000000c b name.0
00199984 00000004 b workerToStop
00199988 00000004 b nodeDataPool
0019998c 00000004 b fileBuffer
00199990 00000004 b decompressBuffer
00199994 00000004 b perm
00199998 00000004 b permMod12
0019999c b completed.1
001999a0 b object.0
001999b8 000002d0 B __C3D_Context
00199c88 0000000c b hookCookie
00199c98 00000010 b cpuTime
00199ca8 00000004 b firstTarget
00199cac 00000008 b frameCounter
00199cb4 00000004 b frameEndCb
00199cb8 00000004 b frameEndCbData
00199cc0 00000010 b gpuTime
00199cd0 00000001 b inFrame
00199cd1 00000001 b inSafeTransfer
00199cd2 00000001 b isTopStereo
00199cd4 00000004 b lastTarget
00199cd8 0000000c b linkedTarget
00199ce4 00000001 b measureGpuTime
00199ce5 00000001 b needSwapBot
00199ce6 00000001 b needSwapTop
00199ce8 00000004 B C3D_BoolUnifs
00199cec 00000002 B C3D_BoolUnifsDirty
00199cf0 00000c00 B C3D_FVUnif
0019a8f0 000000c0 B C3D_FVUnifDirty
0019a9b0 00000020 B C3D_IVUnif
0019a9d0 00000008 B C3D_IVUnifDirty
0019a9d8 000000c0 b C3Di_FVUnifEverDirty
0019aa98 00000008 b C3Di_IVUnifEverDirty
0019aaa0 00000018 b C3Di_ShaderFVecData
0019aab8 00000008 b sVramPoolA
0019aac0 00000008 b sVramPoolB
0019aac8 0000000c b sAddrMap
0019aad4 00000008 b sLinearPool
0019aadc 0000000c b sAddrMap
0019aae8 00000004 V __romfs_path
0019aaec 00000004 b romfs_mount_list
0019aaf0 00000004 b arbiter
0019aaf4 00000001 V __ctru_speedup
0019aaf8 00000048 B currentCopy
0019ab40 00000004 b gfxBottomFramebufferMaxSize
0019ab44 00000008 b gfxBottomFramebuffers
0019ab4c 00000002 b gfxCurBuf
0019ab50 00000002 b gfxFramebufferFormats
0019ab54 00000002 b gfxIsDoubleBuf
0019ab56 00000001 b gfxIsVram
0019ab58 00000004 b gfxTopFramebufferMaxSize
0019ab5c 00000008 b gfxTopFramebuffers
0019ab64 00000001 b gfxTopMode
0019ab68 00000004 b screenAlloc
0019ab6c 00000004 b screenFree
0019ab70 00000004 b boundQueue
0019ab74 00000004 b curQueue
0019ab78 00000001 b isActive
0019ab79 00000001 b isRunning
0019ab7a 00000001 b shouldStop
0019ab7c 00000004 B gpuCmdBuf
0019ab80 00000004 B gpuCmdBufOffset
0019ab84 00000004 B gpuCmdBufSize
0019ab88 00000001 b bCancelReceived
0019ab89 00000001 b bDspReady
0019ab8a 00000001 b bEnteringSleep
0019ab8b 00000001 b bSleeping
0019ab8c 00000004 b componentBin
0019ab90 00000001 b componentFree
0019ab94 00000004 b dspSem
0019ab98 00001080 b dspVar5Backup
0019bc18 00000004 b irqEvent
0019bc1c 00000008 b ndspHookCookie
0019bc24 00000048 b ndspMaster
0019bc6c 00000004 b ndspMutex
0019bc70 00000004 b ndspRefCount
0019bc74 00000004 b ndspThread
0019bc78 00000001 b ndspThreadRun
0019bc7c 00000080 B ndspVars
0019bcfc 00000c60 b ndspChn
0019c95c 00000004 b csPos
0019c960 00000004 B irrstEvent
0019c964 00000004 B irrstHandle
0019c968 00000004 B irrstMemHandle
0019c96c 00000004 b irrstRefCount
0019c970 00000004 B irrstSharedMem
0019c974 00000004 b kHeld
0019c978 00000001 b dspComponentLoaded
0019c97c 00000008 b dspFirstHook
0019c984 00000004 b dspHandle
0019c988 00000004 b dspRefCount
0019c98c 00000004 b dspSavedCompBin
0019c990 00000002 b dspSavedCompDataMask
0019c992 00000002 b dspSavedCompProgMask
0019c994 00000004 b dspSavedCompSize
0019c998 00000001 b dspSleeping
0019c99c 00000004 b gspEvent
0019c9a0 0000001c b gspEventCb
0019c9bc 0000001c b gspEventCbData
0019c9d8 00000007 b gspEventCbOneShot
0019c9e0 00000004 b gspEventThread
0019c9e4 00000038 b gspEvents
0019ca1c 00000004 b gspGpuHandle
0019ca20 00000001 b gspGpuRight
0019ca24 00000004 b gspLastEvent
0019ca28 00000004 b gspRefCount
0019ca2c 00000001 b gspRunEvents
0019ca30 00000004 b gspSharedMem
0019ca34 00000004 b gspSharedMemHandle
0019ca38 00000001 b gspThreadId
0019ca39 00000001 b aptChainloadFlags
0019ca3a 00000001 b aptChainloadMediatype
0019ca40 00000008 b aptChainloadTid
0019ca48 00000004 b aptEventHandlerThread
0019ca4c 00000001 b aptEventHandlerThreadQuit
0019ca50 00000008 b aptEvents
0019ca58 0000000c b aptFirstHook
0019ca64 00000004 b aptFlags
0019ca68 00000001 b aptHomeButtonState
0019ca6c 00000004 b aptLockHandle
0019ca70 00000004 b aptMessageFunc
0019ca74 00000004 b aptMessageFuncData
0019ca78 00001000 b aptParameters
0019da78 00000008 b aptReceiveEvent
0019da80 00000004 b aptRefCount
0019da84 00000008 b aptSleepEvent
0019da8c 00000001 b flagInit.1
0019da8d 00000001 b flagValue.0
0019da90 00000004 b serviceName.6
0019da94 00000006 b aVec
0019da9c 00000004 b cPos
0019daa0 00000006 b gRate
0019daa8 00000014 B hidEvents
0019dabc 00000004 B hidHandle
0019dac0 00000004 B hidMemHandle
0019dac4 00000004 b hidRefCount
0019dac8 00000004 B hidSharedMem
0019dacc 00000004 b kDown
0019dad0 00000004 b kHeld
0019dad4 00000004 b kOld
0019dad8 00000004 b kRepeat
0019dadc 00000004 b kUp
0019dae0 00000004 b tPos
0019dae4 00000001 b usingIrrst
0019dae8 00000004 b ptmSysmHandle
0019daec 00000004 b ptmSysmRefCount
0019daf0 00000080 b fsExemptArchives
0019db70 00000004 b fsuHandle
0019db74 00000004 b fsuRefCount
0019db78 00000004 b swkbdSharedMem
0019db7c 00000004 b swkbdSharedMemHandle
0019db80 00000004 B __ctru_heap
0019db84 00000004 V __ctru_heap_size
0019db88 00000004 B __ctru_linear_heap
0019db8c 00000004 V __ctru_linear_heap_size
0019db90 00000004 B __system_retAddr
0019db94 00000004 B __system_argc
0019db98 00000004 B __system_argv
0019db9c b saved_stack
0019dba4 00000004 B __3dslink_host
0019dba8 00000004 b srvHandle
0019dbac 00000004 b srvRefCount
0019dbb0 00000004 b currentAddr
0019dbb4 00000004 b maxAddr
0019dbb8 00000004 b minAddr
0019dbbc 00000004 b srvPmHandle
0019dbc0 00000004 b archive_device_cwd
0019dbc8 00000540 b archive_devices
0019e108 00000001 b archive_initialized
0019e10c 0000000c b __sfp_recursive_mutex
0019e118 0000000c b __sinit_recursive_mutex
0019e124 00000028 B __malloc_current_mallinfo
0019e14c 00000004 B __malloc_max_sbrked_mem
0019e150 00000004 B __malloc_max_total_mem
0019e154 00000004 B __malloc_top_pad
0019e158 0000000c b __malloc_recursive_mutex
0019e164 0000000c B __atexit_recursive_mutex
0019e170 00000004 b heap_start.0
0019e174 00000004 B fake_heap_end
0019e178 00000004 B fake_heap_start
0019e17c 00000400 b temp_cwd
0019e57c 00000004 b __hndl_lock
0019e580 B __tls_start
0019f188 B __bss_end__
0019f188 A __end__
0019f188 B __tls_end
